{
  "Cucumber Features": {
    "coverage": {
      "/mnt/f/Masters-MCS-SEM1/SE-Software_Engineering/Project/CSCE_606_Office_Hours_Tracker/app/controllers/welcome_controller.rb": {
        "lines": [
          1,
          1,
          1,
          15,
          1,
          null,
          null,
          null
        ]
      },
      "/mnt/f/Masters-MCS-SEM1/SE-Software_Engineering/Project/CSCE_606_Office_Hours_Tracker/app/controllers/application_controller.rb": {
        "lines": [
          1,
          1,
          null,
          1,
          null,
          1,
          null,
          null,
          null,
          33,
          null,
          null,
          1,
          null,
          null,
          33,
          null,
          null,
          1,
          null,
          18,
          0,
          null,
          null,
          null
        ]
      },
      "/mnt/f/Masters-MCS-SEM1/SE-Software_Engineering/Project/CSCE_606_Office_Hours_Tracker/app/helpers/application_helper.rb": {
        "lines": [
          1,
          null
        ]
      },
      "/mnt/f/Masters-MCS-SEM1/SE-Software_Engineering/Project/CSCE_606_Office_Hours_Tracker/app/helpers/attendance_helper.rb": {
        "lines": [
          1,
          null
        ]
      },
      "/mnt/f/Masters-MCS-SEM1/SE-Software_Engineering/Project/CSCE_606_Office_Hours_Tracker/app/helpers/attendances_helper.rb": {
        "lines": [
          1,
          null
        ]
      },
      "/mnt/f/Masters-MCS-SEM1/SE-Software_Engineering/Project/CSCE_606_Office_Hours_Tracker/app/helpers/home_helper.rb": {
        "lines": [
          1,
          null
        ]
      },
      "/mnt/f/Masters-MCS-SEM1/SE-Software_Engineering/Project/CSCE_606_Office_Hours_Tracker/app/controllers/sessions_controller.rb": {
        "lines": [
          1,
          1,
          1,
          null,
          1,
          3,
          3,
          null,
          null,
          null,
          1,
          10,
          10,
          10,
          10,
          10,
          10,
          null,
          null,
          10,
          10,
          10,
          null,
          0,
          null,
          null,
          null,
          null,
          null,
          null,
          null,
          null,
          1,
          null,
          1,
          10,
          1,
          9,
          0,
          null,
          9,
          null,
          null,
          null,
          1,
          10,
          null,
          null,
          1,
          9,
          null,
          null,
          1,
          10,
          null,
          null,
          1,
          9,
          null,
          null,
          1,
          19,
          19,
          49,
          null,
          19,
          null,
          null
        ]
      },
      "/mnt/f/Masters-MCS-SEM1/SE-Software_Engineering/Project/CSCE_606_Office_Hours_Tracker/app/models/user.rb": {
        "lines": [
          1,
          1,
          1,
          null,
          1,
          0,
          null,
          null
        ]
      },
      "/mnt/f/Masters-MCS-SEM1/SE-Software_Engineering/Project/CSCE_606_Office_Hours_Tracker/app/models/application_record.rb": {
        "lines": [
          1,
          1,
          null
        ]
      },
      "/mnt/f/Masters-MCS-SEM1/SE-Software_Engineering/Project/CSCE_606_Office_Hours_Tracker/app/controllers/users_controller.rb": {
        "lines": [
          1,
          1,
          1,
          1,
          null,
          null,
          1,
          10,
          10,
          10,
          null,
          null,
          1,
          null,
          null,
          1,
          null,
          null,
          null,
          null,
          null,
          null,
          1,
          13,
          null,
          null,
          1,
          3,
          1,
          null,
          null,
          null,
          1,
          3,
          null,
          3,
          2,
          1,
          1,
          null,
          0,
          null,
          null,
          null,
          1,
          2,
          null,
          null,
          1,
          1,
          null,
          null,
          1,
          2,
          null,
          null,
          1,
          1,
          null,
          null,
          1,
          3,
          3,
          9,
          null,
          3,
          null,
          null
        ]
      },
      "/mnt/f/Masters-MCS-SEM1/SE-Software_Engineering/Project/CSCE_606_Office_Hours_Tracker/app/models/course.rb": {
        "lines": [
          1,
          null
        ]
      },
      "/mnt/f/Masters-MCS-SEM1/SE-Software_Engineering/Project/CSCE_606_Office_Hours_Tracker/app/controllers/attendances_controller.rb": {
        "lines": [
          1,
          1,
          null,
          1,
          1,
          1,
          null,
          1,
          1,
          1,
          1,
          null,
          null,
          null,
          null,
          null,
          null,
          null,
          1,
          1,
          1,
          1,
          null,
          1,
          1,
          1,
          0,
          null,
          null,
          1,
          1,
          1,
          null,
          null,
          0,
          0,
          null,
          null,
          0,
          0,
          0,
          null,
          null,
          null,
          null,
          null,
          null,
          0,
          null,
          null,
          1,
          null,
          null,
          1,
          null,
          1,
          1,
          null,
          1,
          null,
          null,
          0,
          null,
          null,
          null,
          1,
          1,
          1,
          0,
          0,
          null,
          0,
          null,
          null,
          null,
          1,
          2,
          null,
          null,
          1,
          0,
          null,
          null,
          1,
          2,
          null,
          null,
          1,
          0,
          null,
          null,
          1,
          2,
          2,
          8,
          null,
          2,
          null,
          null,
          1,
          1,
          null,
          1,
          null,
          0,
          null,
          0,
          null,
          null,
          null,
          1,
          2,
          2,
          2,
          2,
          2,
          null,
          null,
          1,
          null,
          1,
          null,
          null,
          1,
          1,
          null,
          1,
          1,
          null,
          null,
          1,
          null,
          18,
          144,
          144,
          null,
          144,
          null,
          144,
          null,
          null,
          null,
          null,
          null,
          1,
          null,
          0,
          null,
          null,
          0,
          0,
          null,
          0,
          0,
          null,
          null,
          0,
          null,
          0,
          0,
          0,
          null,
          0,
          null,
          0,
          null,
          null,
          null,
          null,
          null,
          1,
          null,
          0,
          null,
          0,
          0,
          0,
          0,
          null,
          null,
          null,
          null,
          1,
          null,
          0,
          null,
          0,
          0,
          0,
          0,
          null,
          null,
          null,
          null
        ]
      },
      "/mnt/f/Masters-MCS-SEM1/SE-Software_Engineering/Project/CSCE_606_Office_Hours_Tracker/app/models/attendance.rb": {
        "lines": [
          1,
          1,
          1,
          null,
          null,
          null
        ]
      },
      "/mnt/f/Masters-MCS-SEM1/SE-Software_Engineering/Project/CSCE_606_Office_Hours_Tracker/app/models/ta_attendance.rb": {
        "lines": [
          1,
          1,
          null
        ]
      },
      "/mnt/f/Masters-MCS-SEM1/SE-Software_Engineering/Project/CSCE_606_Office_Hours_Tracker/app/channels/application_cable/channel.rb": {
        "lines": [
          0,
          0,
          0,
          0
        ],
        "branches": {
        }
      },
      "/mnt/f/Masters-MCS-SEM1/SE-Software_Engineering/Project/CSCE_606_Office_Hours_Tracker/app/channels/application_cable/connection.rb": {
        "lines": [
          0,
          0,
          0,
          0
        ],
        "branches": {
        }
      },
      "/mnt/f/Masters-MCS-SEM1/SE-Software_Engineering/Project/CSCE_606_Office_Hours_Tracker/app/jobs/application_job.rb": {
        "lines": [
          0,
          null,
          null,
          null,
          null,
          null,
          0
        ],
        "branches": {
        }
      },
      "/mnt/f/Masters-MCS-SEM1/SE-Software_Engineering/Project/CSCE_606_Office_Hours_Tracker/app/mailers/application_mailer.rb": {
        "lines": [
          0,
          0,
          0,
          0
        ],
        "branches": {
        }
      }
    },
    "timestamp": 1729312599
  },
  "RSpec": {
    "coverage": {
      "/mnt/f/Masters-MCS-SEM1/SE-Software_Engineering/Project/CSCE_606_Office_Hours_Tracker/app/helpers/application_helper.rb": {
        "lines": [
          1,
          null
        ]
      },
      "/mnt/f/Masters-MCS-SEM1/SE-Software_Engineering/Project/CSCE_606_Office_Hours_Tracker/app/helpers/attendance_helper.rb": {
        "lines": [
          1,
          null
        ]
      },
      "/mnt/f/Masters-MCS-SEM1/SE-Software_Engineering/Project/CSCE_606_Office_Hours_Tracker/app/helpers/attendances_helper.rb": {
        "lines": [
          1,
          null
        ]
      },
      "/mnt/f/Masters-MCS-SEM1/SE-Software_Engineering/Project/CSCE_606_Office_Hours_Tracker/app/helpers/home_helper.rb": {
        "lines": [
          1,
          null
        ]
      },
      "/mnt/f/Masters-MCS-SEM1/SE-Software_Engineering/Project/CSCE_606_Office_Hours_Tracker/app/controllers/application_controller.rb": {
        "lines": [
          1,
          1,
          null,
          1,
          null,
          1,
          null,
          null,
          null,
          13,
          null,
          null,
          1,
          null,
          null,
          12,
          null,
          null,
          1,
          null,
          9,
          1,
          null,
          null,
          null
        ]
      },
      "/mnt/f/Masters-MCS-SEM1/SE-Software_Engineering/Project/CSCE_606_Office_Hours_Tracker/app/controllers/attendances_controller.rb": {
        "lines": [
          1,
          1,
          null,
          1,
          0,
          0,
          null,
          0,
          0,
          0,
          0,
          null,
          null,
          null,
          null,
          null,
          null,
          null,
          1,
          2,
          2,
          2,
          null,
          2,
          1,
          0,
          0,
          null,
          null,
          0,
          0,
          0,
          null,
          null,
          1,
          0,
          null,
          null,
          1,
          1,
          1,
          null,
          null,
          null,
          null,
          null,
          null,
          1,
          null,
          null,
          2,
          null,
          null,
          1,
          null,
          1,
          1,
          null,
          0,
          null,
          null,
          1,
          null,
          null,
          null,
          1,
          2,
          0,
          2,
          0,
          null,
          2,
          null,
          null,
          null,
          1,
          3,
          null,
          null,
          1,
          2,
          null,
          null,
          1,
          3,
          null,
          null,
          1,
          2,
          null,
          null,
          1,
          5,
          5,
          14,
          null,
          5,
          null,
          null,
          1,
          0,
          null,
          0,
          null,
          0,
          null,
          0,
          null,
          null,
          null,
          1,
          0,
          0,
          0,
          0,
          0,
          null,
          null,
          1,
          null,
          0,
          null,
          null,
          0,
          0,
          null,
          0,
          0,
          null,
          null,
          0,
          null,
          0,
          0,
          0,
          null,
          0,
          null,
          0,
          null,
          null,
          null,
          null,
          null,
          1,
          null,
          0,
          null,
          null,
          0,
          0,
          null,
          0,
          0,
          null,
          null,
          0,
          null,
          0,
          0,
          0,
          null,
          0,
          null,
          0,
          null,
          null,
          null,
          null,
          null,
          1,
          null,
          0,
          null,
          0,
          0,
          0,
          0,
          null,
          null,
          null,
          null,
          1,
          null,
          0,
          null,
          0,
          0,
          0,
          0,
          null,
          null,
          null,
          null
        ]
      },
      "/mnt/f/Masters-MCS-SEM1/SE-Software_Engineering/Project/CSCE_606_Office_Hours_Tracker/app/controllers/sessions_controller.rb": {
        "lines": [
          1,
          1,
          1,
          null,
          1,
          1,
          1,
          null,
          null,
          null,
          1,
          2,
          2,
          2,
          2,
          2,
          2,
          null,
          null,
          2,
          1,
          1,
          null,
          1,
          null,
          null,
          null,
          null,
          null,
          null,
          null,
          null,
          1,
          null,
          1,
          1,
          0,
          1,
          0,
          null,
          1,
          null,
          null,
          null,
          1,
          1,
          null,
          null,
          1,
          1,
          null,
          null,
          1,
          1,
          null,
          null,
          1,
          1,
          null,
          null,
          1,
          2,
          2,
          5,
          null,
          2,
          null,
          null
        ]
      },
      "/mnt/f/Masters-MCS-SEM1/SE-Software_Engineering/Project/CSCE_606_Office_Hours_Tracker/app/models/ta_attendance.rb": {
        "lines": [
          1,
          1,
          null
        ]
      },
      "/mnt/f/Masters-MCS-SEM1/SE-Software_Engineering/Project/CSCE_606_Office_Hours_Tracker/app/models/application_record.rb": {
        "lines": [
          1,
          1,
          null
        ]
      },
      "/mnt/f/Masters-MCS-SEM1/SE-Software_Engineering/Project/CSCE_606_Office_Hours_Tracker/app/controllers/users_controller.rb": {
        "lines": [
          1,
          1,
          1,
          1,
          null,
          null,
          1,
          2,
          2,
          2,
          null,
          null,
          1,
          null,
          null,
          1,
          null,
          null,
          null,
          null,
          null,
          null,
          1,
          3,
          null,
          null,
          1,
          2,
          1,
          null,
          null,
          null,
          1,
          4,
          null,
          3,
          1,
          2,
          1,
          null,
          1,
          null,
          null,
          null,
          1,
          2,
          null,
          null,
          1,
          2,
          null,
          null,
          1,
          1,
          null,
          null,
          1,
          1,
          null,
          null,
          1,
          1,
          1,
          2,
          null,
          1,
          null,
          null
        ]
      },
      "/mnt/f/Masters-MCS-SEM1/SE-Software_Engineering/Project/CSCE_606_Office_Hours_Tracker/app/controllers/welcome_controller.rb": {
        "lines": [
          1,
          1,
          1,
          2,
          1,
          null,
          null,
          null
        ]
      },
      "/mnt/f/Masters-MCS-SEM1/SE-Software_Engineering/Project/CSCE_606_Office_Hours_Tracker/app/channels/application_cable/channel.rb": {
        "lines": [
          1,
          1,
          null,
          null
        ]
      },
      "/mnt/f/Masters-MCS-SEM1/SE-Software_Engineering/Project/CSCE_606_Office_Hours_Tracker/app/channels/application_cable/connection.rb": {
        "lines": [
          1,
          1,
          null,
          null
        ]
      },
      "/mnt/f/Masters-MCS-SEM1/SE-Software_Engineering/Project/CSCE_606_Office_Hours_Tracker/app/jobs/application_job.rb": {
        "lines": [
          1,
          null,
          null,
          null,
          null,
          null,
          null
        ]
      },
      "/mnt/f/Masters-MCS-SEM1/SE-Software_Engineering/Project/CSCE_606_Office_Hours_Tracker/app/mailers/application_mailer.rb": {
        "lines": [
          1,
          1,
          1,
          null
        ]
      },
      "/mnt/f/Masters-MCS-SEM1/SE-Software_Engineering/Project/CSCE_606_Office_Hours_Tracker/app/models/user.rb": {
        "lines": [
          1,
          1,
          1,
          null,
          1,
          0,
          null,
          null
        ]
      },
      "/mnt/f/Masters-MCS-SEM1/SE-Software_Engineering/Project/CSCE_606_Office_Hours_Tracker/app/models/attendance.rb": {
        "lines": [
          1,
          1,
          1,
          null,
          null,
          null
        ]
      },
      "/mnt/f/Masters-MCS-SEM1/SE-Software_Engineering/Project/CSCE_606_Office_Hours_Tracker/app/models/course.rb": {
        "lines": [
          1,
          null
        ]
      }
    },
    "timestamp": 1729312610
  }
}
